# JRE version: OpenJDK Runtime Environment Temurin-21.0.7+6 (21.0.7+6) (build 21.0.7+6-LTS)
# Java VM: OpenJDK 64-Bit Server VM Temurin-21.0.7+6 (21.0.7+6-LTS, mixed mode, emulated-client, sharing, tiered, compressed oops, compressed class ptrs, g1 gc, windows-amd64)
GC Precious Log:
 CardTable entry size: 512
 Card Set container configuration: InlinePtr #cards 5 size 8 Array Of Cards #cards 12 size 40 Howl #buckets 4 coarsen threshold 1843 Howl Bitmap #cards 512 size 80 coarsen threshold 460 Card regions per heap region 1 cards per card region 2048
 CPUs: 8 total, 8 available
 Memory: 8067M
 Large Page Support: Disabled
 NUMA Support: Disabled
 Compressed Oops: Enabled (32-bit)
 Heap Region Size: 1M
 Heap Min Capacity: 8M
 Heap Initial Capacity: 128M
 Heap Max Capacity: 2018M
 Pre-touch: Disabled
 Parallel Workers: 8
 Concurrent Workers: 2
 Concurrent Refinement Workers: 8
 Periodic GC: Disabled
Heap:
 garbage-first heap   total 61440K, used 42078K [0x0000000081e00000, 0x0000000100000000)
  region size 1024K, 25 young (25600K), 4 survivors (4096K)
 Metaspace       used 31916K, committed 32448K, reserved 1114112K
  class space    used 4428K, committed 4672K, reserved 1048576K
GC Heap History (14 events):
Event: 1.377 GC heap before
{Heap before GC invocations=0 (full 0):
 garbage-first heap   total 131072K, used 24576K [0x0000000081e00000, 0x0000000100000000)
  region size 1024K, 23 young (23552K), 0 survivors (0K)
 Metaspace       used 6302K, committed 6528K, reserved 1114112K
  class space    used 750K, committed 832K, reserved 1048576K
}
Event: 1.386 GC heap after
{Heap after GC invocations=1 (full 0):
 garbage-first heap   total 131072K, used 8447K [0x0000000081e00000, 0x0000000100000000)
  region size 1024K, 3 young (3072K), 3 survivors (3072K)
 Metaspace       used 6302K, committed 6528K, reserved 1114112K
  class space    used 750K, committed 832K, reserved 1048576K
}
Event: 2.023 GC heap before
{Heap before GC invocations=1 (full 0):
 garbage-first heap   total 131072K, used 38143K [0x0000000081e00000, 0x0000000100000000)
  region size 1024K, 28 young (28672K), 3 survivors (3072K)
 Metaspace       used 9667K, committed 9984K, reserved 1114112K
  class space    used 1177K, committed 1344K, reserved 1048576K
}
Event: 2.035 GC heap after
{Heap after GC invocations=2 (full 0):
 garbage-first heap   total 131072K, used 14336K [0x0000000081e00000, 0x0000000100000000)
  region size 1024K, 4 young (4096K), 4 survivors (4096K)
 Metaspace       used 9667K, committed 9984K, reserved 1114112K
  class space    used 1177K, committed 1344K, reserved 1048576K
}
Event: 4.870 GC heap before
{Heap before GC invocations=2 (full 0):
 garbage-first heap   total 131072K, used 95232K [0x0000000081e00000, 0x0000000100000000)
  region size 1024K, 76 young (77824K), 4 survivors (4096K)
 Metaspace       used 18259K, committed 18752K, reserved 1114112K
  class space    used 2533K, committed 2752K, reserved 1048576K
}
Event: 4.879 GC heap after
{Heap after GC invocations=3 (full 0):
 garbage-first heap   total 131072K, used 16131K [0x0000000081e00000, 0x0000000100000000)
  region size 1024K, 7 young (7168K), 7 survivors (7168K)
 Metaspace       used 18259K, committed 18752K, reserved 1114112K
  class space    used 2533K, committed 2752K, reserved 1048576K
}
Event: 5.646 GC heap before
{Heap before GC invocations=3 (full 0):
 garbage-first heap   total 131072K, used 31491K [0x0000000081e00000, 0x0000000100000000)
  region size 1024K, 23 young (23552K), 7 survivors (7168K)
 Metaspace       used 21140K, committed 21504K, reserved 1114112K
  class space    used 2835K, committed 3008K, reserved 1048576K
}
Event: 5.656 GC heap after
{Heap after GC invocations=4 (full 0):
 garbage-first heap   total 131072K, used 17587K [0x0000000081e00000, 0x0000000100000000)
  region size 1024K, 5 young (5120K), 5 survivors (5120K)
 Metaspace       used 21140K, committed 21504K, reserved 1114112K
  class space    used 2835K, committed 3008K, reserved 1048576K
}
Event: 7.043 GC heap before
{Heap before GC invocations=5 (full 0):
 garbage-first heap   total 61440K, used 48307K [0x0000000081e00000, 0x0000000100000000)
  region size 1024K, 36 young (36864K), 5 survivors (5120K)
 Metaspace       used 24501K, committed 24960K, reserved 1114112K
  class space    used 3290K, committed 3456K, reserved 1048576K
}
Event: 7.051 GC heap after
{Heap after GC invocations=6 (full 0):
 garbage-first heap   total 61440K, used 19826K [0x0000000081e00000, 0x0000000100000000)
  region size 1024K, 4 young (4096K), 4 survivors (4096K)
 Metaspace       used 24501K, committed 24960K, reserved 1114112K
  class space    used 3290K, committed 3456K, reserved 1048576K
}
Event: 8.327 GC heap before
{Heap before GC invocations=6 (full 0):
 garbage-first heap   total 61440K, used 47474K [0x0000000081e00000, 0x0000000100000000)
  region size 1024K, 32 young (32768K), 4 survivors (4096K)
 Metaspace       used 26243K, committed 26752K, reserved 1114112K
  class space    used 3557K, committed 3776K, reserved 1048576K
}
Event: 8.333 GC heap after
{Heap after GC invocations=7 (full 0):
 garbage-first heap   total 61440K, used 20586K [0x0000000081e00000, 0x0000000100000000)
  region size 1024K, 3 young (3072K), 3 survivors (3072K)
 Metaspace       used 26243K, committed 26752K, reserved 1114112K
  class space    used 3557K, committed 3776K, reserved 1048576K
}
Event: 11.063 GC heap before
{Heap before GC invocations=7 (full 0):
 garbage-first heap   total 61440K, used 50282K [0x0000000081e00000, 0x0000000100000000)
  region size 1024K, 32 young (32768K), 3 survivors (3072K)
 Metaspace       used 28337K, committed 28800K, reserved 1114112K
  class space    used 3897K, committed 4096K, reserved 1048576K
}
Event: 11.068 GC heap after
{Heap after GC invocations=8 (full 0):
 garbage-first heap   total 61440K, used 22622K [0x0000000081e00000, 0x0000000100000000)
  region size 1024K, 4 young (4096K), 4 survivors (4096K)
 Metaspace       used 28337K, committed 28800K, reserved 1114112K
  class space    used 3897K, committed 4096K, reserved 1048576K
}

